2025-12-05 06:33:01 - ERRO: Status(StatusCode="Unavailable", Detail="Error connecting to subchannel.", DebugException="System.Net.Sockets.SocketException: Nenhuma conexão pôde ser feita porque a máquina de destino as recusou ativamente.")
   at Grpc.Net.Client.Internal.HttpContentClientStreamReader`2.MoveNextCore(CancellationToken cancellationToken)
   at Program.<>c__DisplayClass1_0.<<RunClient>b__2>d.MoveNext() in c:\Projetos\ClienteScreen\Program.cs:line 146
--- End of stack trace from previous location ---
   at Program.RunClient(String[] args) in c:\Projetos\ClienteScreen\Program.cs:line 234
   at Program.Main(String[] args) in c:\Projetos\ClienteScreen\Program.cs:line 16
2025-12-05 06:45:04 - ERRO: Status(StatusCode="Unavailable", Detail="Error connecting to subchannel.", DebugException="System.Net.Sockets.SocketException: Nenhuma conexão pôde ser feita porque a máquina de destino as recusou ativamente.")
   at Grpc.Net.Client.Internal.HttpContentClientStreamReader`2.MoveNextCore(CancellationToken cancellationToken)
   at Program.<>c__DisplayClass2_0.<<RunScreenStreaming>b__2>d.MoveNext() in c:\Projetos\ClienteScreen\Program.cs:line 191
--- End of stack trace from previous location ---
   at Program.RunScreenStreaming(String serverAddress, String[] args) in c:\Projetos\ClienteScreen\Program.cs:line 279
   at Program.RunClient(String[] args) in c:\Projetos\ClienteScreen\Program.cs:line 92
   at Program.Main(String[] args) in c:\Projetos\ClienteScreen\Program.cs:line 16
2025-12-05 06:50:14 - ERRO: Status(StatusCode="Cancelled", Detail="Call canceled by the client.", DebugException="System.OperationCanceledException: The operation was canceled.")
   at Grpc.Net.Client.Internal.HttpContentClientStreamReader`2.MoveNextCore(CancellationToken cancellationToken)
   at Program.<>c__DisplayClass2_0.<<RunScreenStreaming>b__2>d.MoveNext() in c:\Projetos\ClienteScreen\Program.cs:line 191
--- End of stack trace from previous location ---
   at Program.RunScreenStreaming(String serverAddress, String[] args) in c:\Projetos\ClienteScreen\Program.cs:line 279
   at Program.RunClient(String[] args) in c:\Projetos\ClienteScreen\Program.cs:line 73
   at Program.Main(String[] args) in c:\Projetos\ClienteScreen\Program.cs:line 16
